<?xml version="1.0" encoding="UTF-8"?>
<!-- Generated by org.testng.reporters.JUnitReportReporter -->
<testsuite hostname="Nikhil" failures="0" tests="1" name="testCaseRepository.LE_01" time="18.526" errors="0" timestamp="2024-09-05T10:05:21 IST" skipped="0">
  <testcase classname="testCaseRepository.LE_01" name="le_01TC" time="18.526"/>
  <system-out>
    <![CDATA[Thisle_01TCtest case execution starts!!
Thisle_01TCtest case execution starts!!]]>
  </system-out>
</testsuite> <!-- testCaseRepository.LE_01 -->
