<?xml version="1.0" encoding="UTF-8"?>
<!-- Generated by org.testng.reporters.JUnitReportReporter -->
<testsuite hostname="Nikhil" failures="0" tests="2" name="testCaseRepository.LE_04" time="41.069" errors="0" timestamp="2024-09-04T09:39:37 IST" skipped="0">
  <testcase classname="testCaseRepository.LE_04" name="LE_03" time="21.666"/>
  <system-out/>
  <testcase classname="testCaseRepository.LE_04" name="LE_03" time="19.403"/>
  <system-out/>
</testsuite> <!-- testCaseRepository.LE_04 -->
