<?xml version="1.0" encoding="UTF-8"?>
<!-- Generated by org.testng.reporters.JUnitReportReporter -->
<testsuite hostname="LAPTOP-KHTH6I82" failures="0" tests="3" name="sampleTestCase.PracticeTestNG" time="0.024" errors="0" timestamp="2024-08-30T09:38:04 IST" skipped="0">
  <testcase classname="sampleTestCase.PracticeTestNG" name="createUser" time="0.021"/>
  <system-out/>
  <testcase classname="sampleTestCase.PracticeTestNG" name="modifyUser" time="0.001"/>
  <system-out/>
  <testcase classname="sampleTestCase.PracticeTestNG" name="deleteUser" time="0.002"/>
  <system-out/>
</testsuite> <!-- sampleTestCase.PracticeTestNG -->
