<?xml version="1.0" encoding="UTF-8"?>
<!-- Generated by org.testng.reporters.JUnitReportReporter -->
<testsuite hostname="Nikhil" failures="0" tests="1" name="testCaseRepository.LE_03" time="16.667" errors="0" timestamp="2024-09-03T10:37:41 IST" skipped="0">
  <testcase classname="testCaseRepository.LE_03" name="LE_03" time="16.667"/>
  <system-out/>
</testsuite> <!-- testCaseRepository.LE_03 -->
